Warning: QPainter::begin: Paint device returned engine == 0, type: 1
Warning: QPainter::setPen: Painter not active
Warning: QPainter::setBrush: Painter not active
Warning: QPainter::setRenderHint: Painter must be active to set rendering hints
Warning: QPainter::setPen: Painter not active
Debug: "16:55:52 ..\..\src\simpleeventcontroller.cpp:606 HV: Set Playback Mode" 
Debug: "16:56:55 ..\..\src\simpleeventcontroller.cpp:1420 IM: Set Resample Mode" 
Debug: "16:56:56 ..\..\src\simpleeventcontroller.cpp:1420 IM: Set Resample Mode" 
Debug: "17:04:18 ..\..\src\simpleeventcontroller.cpp:960 ID: Set Playlist Behavior" 
Debug: "17:04:19 ..\..\src\simpleeventcontroller.cpp:960 ID: Set Playlist Behavior" 
Debug: "17:04:20 ..\..\src\simpleeventcontroller.cpp:606 HV: Set Playback Mode" 
Debug: "17:04:21 ..\..\src\simpleeventcontroller.cpp:606 HV: Set Playback Mode" 
Debug: "17:04:21 ..\..\src\simpleeventcontroller.cpp:606 HV: Set Playback Mode" 
Debug: "17:04:39 ..\..\src\propertyeditor.cpp:3444 EQ: Set Max Playbacks" 
Debug: "17:04:39 ..\..\src\propertyeditor.cpp:3444 EQ: Set Max Playbacks" 
Debug: "17:04:39 ..\..\src\propertyeditor.cpp:3444 EQ: Set Max Playbacks" 
Debug: "17:04:39 ..\..\src\propertyeditor.cpp:3444 EQ: Set Max Playbacks" 
Debug: "17:04:41 ..\..\src\propertyeditor.cpp:3444 EQ: Set Max Playbacks" 
Debug: "17:04:41 ..\..\src\propertyeditor.cpp:3444 EQ: Set Max Playbacks" 
Debug: "17:04:54 ..\..\src\simpleeventcontroller.cpp:1470 IN: Adjust Automatic Sample Rate" 
Debug: "17:04:55 ..\..\src\simpleeventcontroller.cpp:1470 IN: Adjust Automatic Sample Rate" 
Debug: "17:04:55 ..\..\src\simpleeventcontroller.cpp:1470 IN: Adjust Automatic Sample Rate" 
Debug: "17:04:55 ..\..\src\simpleeventcontroller.cpp:1470 IN: Adjust Automatic Sample Rate" 
Debug: "17:04:55 ..\..\src\simpleeventcontroller.cpp:1470 IN: Adjust Automatic Sample Rate" 
Debug: "17:04:55 ..\..\src\simpleeventcontroller.cpp:1470 IN: Adjust Automatic Sample Rate" 
Debug: "17:04:55 ..\..\src\simpleeventcontroller.cpp:1470 IN: Adjust Automatic Sample Rate" 
Debug: "17:04:55 ..\..\src\simpleeventcontroller.cpp:1470 IN: Adjust Automatic Sample Rate" 
Debug: "17:04:55 ..\..\src\simpleeventcontroller.cpp:1470 IN: Adjust Automatic Sample Rate" 
Debug: "17:04:55 ..\..\src\simpleeventcontroller.cpp:1470 IN: Adjust Automatic Sample Rate" 
Debug: "17:04:55 ..\..\src\simpleeventcontroller.cpp:1470 IN: Adjust Automatic Sample Rate" 
Debug: "17:04:55 ..\..\src\simpleeventcontroller.cpp:1470 IN: Adjust Automatic Sample Rate" 
Debug: "17:04:55 ..\..\src\simpleeventcontroller.cpp:1470 IN: Adjust Automatic Sample Rate" 
Debug: "17:04:55 ..\..\src\simpleeventcontroller.cpp:1470 IN: Adjust Automatic Sample Rate" 
Debug: "17:04:55 ..\..\src\simpleeventcontroller.cpp:1470 IN: Adjust Automatic Sample Rate" 
Debug: "17:04:55 ..\..\src\simpleeventcontroller.cpp:1470 IN: Adjust Automatic Sample Rate" 
Debug: "17:04:55 ..\..\src\simpleeventcontroller.cpp:1470 IN: Adjust Automatic Sample Rate" 
Debug: "17:04:55 ..\..\src\simpleeventcontroller.cpp:1470 IN: Adjust Automatic Sample Rate" 
Debug: "17:04:55 ..\..\src\simpleeventcontroller.cpp:1470 IN: Adjust Automatic Sample Rate" 
Debug: "17:04:55 ..\..\src\simpleeventcontroller.cpp:1470 IN: Adjust Automatic Sample Rate" 
Debug: "17:04:55 ..\..\src\simpleeventcontroller.cpp:1470 IN: Adjust Automatic Sample Rate" 
Debug: "17:04:55 ..\..\src\simpleeventcontroller.cpp:1470 IN: Adjust Automatic Sample Rate" 
Debug: "17:04:55 ..\..\src\simpleeventcontroller.cpp:1470 IN: Adjust Automatic Sample Rate" 
Debug: "17:04:55 ..\..\src\simpleeventcontroller.cpp:1470 IN: Adjust Automatic Sample Rate" 
Debug: "17:04:55 ..\..\src\simpleeventcontroller.cpp:1470 IN: Adjust Automatic Sample Rate" 
Debug: "17:04:55 ..\..\src\simpleeventcontroller.cpp:1470 IN: Adjust Automatic Sample Rate" 
Debug: "17:04:55 ..\..\src\simpleeventcontroller.cpp:1470 IN: Adjust Automatic Sample Rate" 
Debug: "17:04:56 ..\..\src\simpleeventcontroller.cpp:1420 IM: Set Resample Mode" 
Debug: "17:04:57 ..\..\src\simpleeventcontroller.cpp:1420 IM: Set Resample Mode" 
Debug: "17:07:05 ..\..\src\propertyeditor.cpp:4234 ER: Set Mode" 
Debug: "17:07:06 ..\..\src\propertyeditor.cpp:4234 ER: Set Mode" 
Debug: "17:07:08 ..\..\src\propertyeditor.cpp:4234 ER: Set Mode" 
Debug: "17:07:16 ..\..\src\propertyeditor.cpp:4234 ER: Set Mode" 
Debug: "17:07:20 ..\..\src\propertyeditor.cpp:4234 ER: Set Mode" 
Debug: "17:21:43 c:\anthill_jobs\job510040\fmod4\tools\fmod_designer\src\eventform.ui.h:2922 HC: Sort Alphabetically" 
Debug: "17:23:57 ..\..\src\simpleeventcontroller.cpp:606 HV: Set Playback Mode" 
Debug: "17:23:58 ..\..\src\simpleeventcontroller.cpp:606 HV: Set Playback Mode" 
Debug: "17:23:59 ..\..\src\simpleeventcontroller.cpp:652 HW: Set Play Count" 
Debug: "17:23:59 ..\..\src\simpleeventcontroller.cpp:652 HW: Set Play Count" 
Debug: "17:24:02 ..\..\src\simpleeventcontroller.cpp:933 IC: Set Max Grain Interval" 
Debug: "17:24:02 ..\..\src\simpleeventcontroller.cpp:933 IC: Set Max Grain Interval" 
Debug: "17:24:02 ..\..\src\simpleeventcontroller.cpp:933 IC: Set Max Grain Interval" 
Debug: "17:24:02 ..\..\src\simpleeventcontroller.cpp:933 IC: Set Max Grain Interval" 
Debug: "17:24:02 ..\..\src\simpleeventcontroller.cpp:933 IC: Set Max Grain Interval" 
Debug: "17:24:02 ..\..\src\simpleeventcontroller.cpp:933 IC: Set Max Grain Interval" 
Debug: "17:24:02 ..\..\src\simpleeventcontroller.cpp:933 IC: Set Max Grain Interval" 
Debug: "17:24:02 ..\..\src\simpleeventcontroller.cpp:933 IC: Set Max Grain Interval" 
Debug: "17:24:02 ..\..\src\simpleeventcontroller.cpp:933 IC: Set Max Grain Interval" 
Debug: "17:24:02 ..\..\src\simpleeventcontroller.cpp:933 IC: Set Max Grain Interval" 
Debug: "17:24:02 ..\..\src\simpleeventcontroller.cpp:933 IC: Set Max Grain Interval" 
Debug: "17:24:02 ..\..\src\simpleeventcontroller.cpp:933 IC: Set Max Grain Interval" 
Debug: "17:24:02 ..\..\src\simpleeventcontroller.cpp:933 IC: Set Max Grain Interval" 
Debug: "17:24:02 ..\..\src\simpleeventcontroller.cpp:933 IC: Set Max Grain Interval" 
Debug: "17:24:02 ..\..\src\simpleeventcontroller.cpp:933 IC: Set Max Grain Interval" 
Debug: "17:24:02 ..\..\src\simpleeventcontroller.cpp:933 IC: Set Max Grain Interval" 
Debug: "17:24:02 ..\..\src\simpleeventcontroller.cpp:933 IC: Set Max Grain Interval" 
Debug: "17:24:02 ..\..\src\simpleeventcontroller.cpp:933 IC: Set Max Grain Interval" 
Debug: "17:24:02 ..\..\src\simpleeventcontroller.cpp:933 IC: Set Max Grain Interval" 
Debug: "17:24:02 ..\..\src\simpleeventcontroller.cpp:933 IC: Set Max Grain Interval" 
Debug: "17:24:02 ..\..\src\simpleeventcontroller.cpp:933 IC: Set Max Grain Interval" 
Debug: "17:24:02 ..\..\src\simpleeventcontroller.cpp:933 IC: Set Max Grain Interval" 
Debug: "17:24:02 ..\..\src\simpleeventcontroller.cpp:933 IC: Set Max Grain Interval" 
Debug: "17:24:03 ..\..\src\simpleeventcontroller.cpp:933 IC: Set Max Grain Interval" 
Debug: "17:24:03 ..\..\src\simpleeventcontroller.cpp:933 IC: Set Max Grain Interval" 
Debug: "17:24:03 ..\..\src\simpleeventcontroller.cpp:933 IC: Set Max Grain Interval" 
Debug: "17:24:03 ..\..\src\simpleeventcontroller.cpp:933 IC: Set Max Grain Interval" 
Debug: "17:24:03 ..\..\src\simpleeventcontroller.cpp:933 IC: Set Max Grain Interval" 
Debug: "17:24:03 ..\..\src\simpleeventcontroller.cpp:933 IC: Set Max Grain Interval" 
Debug: "17:24:03 ..\..\src\simpleeventcontroller.cpp:933 IC: Set Max Grain Interval" 
Debug: "17:24:03 ..\..\src\simpleeventcontroller.cpp:933 IC: Set Max Grain Interval" 
Debug: "17:24:03 ..\..\src\simpleeventcontroller.cpp:933 IC: Set Max Grain Interval" 
Debug: "17:24:03 ..\..\src\simpleeventcontroller.cpp:933 IC: Set Max Grain Interval" 
Debug: "17:24:03 ..\..\src\simpleeventcontroller.cpp:933 IC: Set Max Grain Interval" 
Debug: "17:24:03 ..\..\src\simpleeventcontroller.cpp:933 IC: Set Max Grain Interval" 
Debug: "17:24:03 ..\..\src\simpleeventcontroller.cpp:933 IC: Set Max Grain Interval" 
Debug: "17:24:03 ..\..\src\simpleeventcontroller.cpp:933 IC: Set Max Grain Interval" 
Debug: "17:24:03 ..\..\src\simpleeventcontroller.cpp:933 IC: Set Max Grain Interval" 
Debug: "17:24:03 ..\..\src\simpleeventcontroller.cpp:933 IC: Set Max Grain Interval" 
Debug: "17:24:03 ..\..\src\simpleeventcontroller.cpp:933 IC: Set Max Grain Interval" 
Debug: "17:24:03 ..\..\src\simpleeventcontroller.cpp:933 IC: Set Max Grain Interval" 
Debug: "17:24:03 ..\..\src\simpleeventcontroller.cpp:933 IC: Set Max Grain Interval" 
Debug: "17:24:03 ..\..\src\simpleeventcontroller.cpp:933 IC: Set Max Grain Interval" 
Debug: "17:24:03 ..\..\src\simpleeventcontroller.cpp:933 IC: Set Max Grain Interval" 
Debug: "17:24:03 ..\..\src\simpleeventcontroller.cpp:933 IC: Set Max Grain Interval" 
Debug: "17:24:03 ..\..\src\simpleeventcontroller.cpp:933 IC: Set Max Grain Interval" 
Debug: "17:24:03 ..\..\src\simpleeventcontroller.cpp:933 IC: Set Max Grain Interval" 
Debug: "17:24:03 ..\..\src\simpleeventcontroller.cpp:933 IC: Set Max Grain Interval" 
Debug: "17:24:03 ..\..\src\simpleeventcontroller.cpp:933 IC: Set Max Grain Interval" 
Debug: "17:24:03 ..\..\src\simpleeventcontroller.cpp:933 IC: Set Max Grain Interval" 
Debug: "17:24:03 ..\..\src\simpleeventcontroller.cpp:933 IC: Set Max Grain Interval" 
Debug: "17:24:03 ..\..\src\simpleeventcontroller.cpp:933 IC: Set Max Grain Interval" 
Debug: "17:24:03 ..\..\src\simpleeventcontroller.cpp:933 IC: Set Max Grain Interval" 
Debug: "17:24:03 ..\..\src\simpleeventcontroller.cpp:933 IC: Set Max Grain Interval" 
Debug: "17:24:03 ..\..\src\simpleeventcontroller.cpp:933 IC: Set Max Grain Interval" 
Debug: "17:24:03 ..\..\src\simpleeventcontroller.cpp:933 IC: Set Max Grain Interval" 
Debug: "17:24:03 ..\..\src\simpleeventcontroller.cpp:933 IC: Set Max Grain Interval" 
Debug: "17:24:03 ..\..\src\simpleeventcontroller.cpp:933 IC: Set Max Grain Interval" 
Debug: "17:24:03 ..\..\src\simpleeventcontroller.cpp:933 IC: Set Max Grain Interval" 
Debug: "17:24:03 ..\..\src\simpleeventcontroller.cpp:933 IC: Set Max Grain Interval" 
Debug: "17:24:03 ..\..\src\simpleeventcontroller.cpp:933 IC: Set Max Grain Interval" 
Debug: "17:24:03 ..\..\src\simpleeventcontroller.cpp:933 IC: Set Max Grain Interval" 
Debug: "17:24:03 ..\..\src\simpleeventcontroller.cpp:933 IC: Set Max Grain Interval" 
Debug: "17:24:03 ..\..\src\simpleeventcontroller.cpp:933 IC: Set Max Grain Interval" 
Debug: "17:24:03 ..\..\src\simpleeventcontroller.cpp:933 IC: Set Max Grain Interval" 
Debug: "17:24:03 ..\..\src\simpleeventcontroller.cpp:933 IC: Set Max Grain Interval" 
Debug: "17:24:03 ..\..\src\simpleeventcontroller.cpp:933 IC: Set Max Grain Interval" 
Debug: "17:24:03 ..\..\src\simpleeventcontroller.cpp:933 IC: Set Max Grain Interval" 
Debug: "17:24:03 ..\..\src\simpleeventcontroller.cpp:933 IC: Set Max Grain Interval" 
Debug: "17:24:03 ..\..\src\simpleeventcontroller.cpp:933 IC: Set Max Grain Interval" 
Debug: "17:24:03 ..\..\src\simpleeventcontroller.cpp:933 IC: Set Max Grain Interval" 
Debug: "17:24:03 ..\..\src\simpleeventcontroller.cpp:933 IC: Set Max Grain Interval" 
Debug: "17:24:03 ..\..\src\simpleeventcontroller.cpp:933 IC: Set Max Grain Interval" 
Debug: "17:24:03 ..\..\src\simpleeventcontroller.cpp:933 IC: Set Max Grain Interval" 
Debug: "17:24:03 ..\..\src\simpleeventcontroller.cpp:933 IC: Set Max Grain Interval" 
Debug: "17:24:03 ..\..\src\simpleeventcontroller.cpp:933 IC: Set Max Grain Interval" 
Debug: "17:24:03 ..\..\src\simpleeventcontroller.cpp:933 IC: Set Max Grain Interval" 
Debug: "17:24:03 ..\..\src\simpleeventcontroller.cpp:933 IC: Set Max Grain Interval" 
Debug: "17:24:03 ..\..\src\simpleeventcontroller.cpp:933 IC: Set Max Grain Interval" 
Debug: "17:24:03 ..\..\src\simpleeventcontroller.cpp:933 IC: Set Max Grain Interval" 
Debug: "17:24:03 ..\..\src\simpleeventcontroller.cpp:933 IC: Set Max Grain Interval" 
Debug: "17:24:03 ..\..\src\simpleeventcontroller.cpp:933 IC: Set Max Grain Interval" 
Debug: "17:24:03 ..\..\src\simpleeventcontroller.cpp:933 IC: Set Max Grain Interval" 
Debug: "17:24:03 ..\..\src\simpleeventcontroller.cpp:933 IC: Set Max Grain Interval" 
Debug: "17:24:03 ..\..\src\simpleeventcontroller.cpp:933 IC: Set Max Grain Interval" 
Debug: "17:24:03 ..\..\src\simpleeventcontroller.cpp:933 IC: Set Max Grain Interval" 
Debug: "17:24:03 ..\..\src\simpleeventcontroller.cpp:933 IC: Set Max Grain Interval" 
Debug: "17:24:03 ..\..\src\simpleeventcontroller.cpp:933 IC: Set Max Grain Interval" 
Debug: "17:24:03 ..\..\src\simpleeventcontroller.cpp:933 IC: Set Max Grain Interval" 
Debug: "17:24:03 ..\..\src\simpleeventcontroller.cpp:933 IC: Set Max Grain Interval" 
Debug: "17:24:03 ..\..\src\simpleeventcontroller.cpp:933 IC: Set Max Grain Interval" 
Debug: "17:24:03 ..\..\src\simpleeventcontroller.cpp:933 IC: Set Max Grain Interval" 
Debug: "17:24:03 ..\..\src\simpleeventcontroller.cpp:933 IC: Set Max Grain Interval" 
Debug: "17:24:03 ..\..\src\simpleeventcontroller.cpp:933 IC: Set Max Grain Interval" 
Debug: "17:24:03 ..\..\src\simpleeventcontroller.cpp:933 IC: Set Max Grain Interval" 
Debug: "17:24:03 ..\..\src\simpleeventcontroller.cpp:933 IC: Set Max Grain Interval" 
Debug: "17:24:03 ..\..\src\simpleeventcontroller.cpp:933 IC: Set Max Grain Interval" 
Debug: "17:24:04 ..\..\src\simpleeventcontroller.cpp:933 IC: Set Max Grain Interval" 
Debug: "17:24:04 ..\..\src\simpleeventcontroller.cpp:933 IC: Set Max Grain Interval" 
Debug: "17:24:04 ..\..\src\simpleeventcontroller.cpp:933 IC: Set Max Grain Interval" 
Debug: "17:24:04 ..\..\src\simpleeventcontroller.cpp:933 IC: Set Max Grain Interval" 
Debug: "17:24:04 ..\..\src\simpleeventcontroller.cpp:933 IC: Set Max Grain Interval" 
Debug: "17:24:04 ..\..\src\simpleeventcontroller.cpp:933 IC: Set Max Grain Interval" 
Debug: "17:24:04 ..\..\src\simpleeventcontroller.cpp:933 IC: Set Max Grain Interval" 
Debug: "17:24:04 ..\..\src\simpleeventcontroller.cpp:933 IC: Set Max Grain Interval" 
Debug: "17:24:04 ..\..\src\simpleeventcontroller.cpp:933 IC: Set Max Grain Interval" 
Debug: "17:24:05 ..\..\src\simpleeventcontroller.cpp:933 IC: Set Max Grain Interval" 
Debug: "17:24:05 ..\..\src\simpleeventcontroller.cpp:933 IC: Set Max Grain Interval" 
Debug: "17:24:05 ..\..\src\simpleeventcontroller.cpp:933 IC: Set Max Grain Interval" 
Debug: "17:24:05 ..\..\src\simpleeventcontroller.cpp:933 IC: Set Max Grain Interval" 
Debug: "17:24:05 ..\..\src\simpleeventcontroller.cpp:933 IC: Set Max Grain Interval" 
Debug: "17:24:05 ..\..\src\simpleeventcontroller.cpp:933 IC: Set Max Grain Interval" 
Debug: "17:24:05 ..\..\src\simpleeventcontroller.cpp:933 IC: Set Max Grain Interval" 
Debug: "17:24:05 ..\..\src\simpleeventcontroller.cpp:933 IC: Set Max Grain Interval" 
Debug: "17:24:05 ..\..\src\simpleeventcontroller.cpp:933 IC: Set Max Grain Interval" 
Debug: "17:24:05 ..\..\src\simpleeventcontroller.cpp:933 IC: Set Max Grain Interval" 
Debug: "17:24:05 ..\..\src\simpleeventcontroller.cpp:933 IC: Set Max Grain Interval" 
Debug: "17:24:05 ..\..\src\simpleeventcontroller.cpp:933 IC: Set Max Grain Interval" 
Debug: "17:24:05 ..\..\src\simpleeventcontroller.cpp:933 IC: Set Max Grain Interval" 
Debug: "17:24:05 ..\..\src\simpleeventcontroller.cpp:933 IC: Set Max Grain Interval" 
Debug: "17:24:06 ..\..\src\simpleeventcontroller.cpp:933 IC: Set Max Grain Interval" 
Debug: "17:24:06 ..\..\src\simpleeventcontroller.cpp:933 IC: Set Max Grain Interval" 
Debug: "17:24:06 ..\..\src\simpleeventcontroller.cpp:933 IC: Set Max Grain Interval" 
Debug: "17:24:06 ..\..\src\simpleeventcontroller.cpp:933 IC: Set Max Grain Interval" 
Debug: "17:24:06 ..\..\src\simpleeventcontroller.cpp:933 IC: Set Max Grain Interval" 
Debug: "17:24:06 ..\..\src\simpleeventcontroller.cpp:933 IC: Set Max Grain Interval" 
Debug: "17:24:06 ..\..\src\simpleeventcontroller.cpp:933 IC: Set Max Grain Interval" 
Debug: "17:24:06 ..\..\src\simpleeventcontroller.cpp:933 IC: Set Max Grain Interval" 
Debug: "17:24:06 ..\..\src\simpleeventcontroller.cpp:933 IC: Set Max Grain Interval" 
Debug: "17:24:06 ..\..\src\simpleeventcontroller.cpp:933 IC: Set Max Grain Interval" 
Debug: "17:24:06 ..\..\src\simpleeventcontroller.cpp:933 IC: Set Max Grain Interval" 
Debug: "17:24:06 ..\..\src\simpleeventcontroller.cpp:933 IC: Set Max Grain Interval" 
Debug: "17:24:06 ..\..\src\simpleeventcontroller.cpp:933 IC: Set Max Grain Interval" 
Debug: "17:24:06 ..\..\src\simpleeventcontroller.cpp:933 IC: Set Max Grain Interval" 
Debug: "17:24:06 ..\..\src\simpleeventcontroller.cpp:933 IC: Set Max Grain Interval" 
Debug: "17:24:06 ..\..\src\simpleeventcontroller.cpp:933 IC: Set Max Grain Interval" 
Debug: "17:24:06 ..\..\src\simpleeventcontroller.cpp:933 IC: Set Max Grain Interval" 
Debug: "17:24:06 ..\..\src\simpleeventcontroller.cpp:933 IC: Set Max Grain Interval" 
Debug: "17:24:06 ..\..\src\simpleeventcontroller.cpp:933 IC: Set Max Grain Interval" 
Debug: "17:24:06 ..\..\src\simpleeventcontroller.cpp:933 IC: Set Max Grain Interval" 
Debug: "17:24:06 ..\..\src\simpleeventcontroller.cpp:933 IC: Set Max Grain Interval" 
Debug: "17:24:06 ..\..\src\simpleeventcontroller.cpp:933 IC: Set Max Grain Interval" 
Debug: "17:24:06 ..\..\src\simpleeventcontroller.cpp:933 IC: Set Max Grain Interval" 
Debug: "17:24:06 ..\..\src\simpleeventcontroller.cpp:933 IC: Set Max Grain Interval" 
Debug: "17:24:06 ..\..\src\simpleeventcontroller.cpp:933 IC: Set Max Grain Interval" 
Debug: "17:24:06 ..\..\src\simpleeventcontroller.cpp:933 IC: Set Max Grain Interval" 
Debug: "17:24:06 ..\..\src\simpleeventcontroller.cpp:933 IC: Set Max Grain Interval" 
Debug: "17:24:06 ..\..\src\simpleeventcontroller.cpp:933 IC: Set Max Grain Interval" 
Debug: "17:24:06 ..\..\src\simpleeventcontroller.cpp:933 IC: Set Max Grain Interval" 
Debug: "17:24:06 ..\..\src\simpleeventcontroller.cpp:933 IC: Set Max Grain Interval" 
Debug: "17:24:06 ..\..\src\simpleeventcontroller.cpp:933 IC: Set Max Grain Interval" 
Debug: "17:24:06 ..\..\src\simpleeventcontroller.cpp:933 IC: Set Max Grain Interval" 
Debug: "17:24:06 ..\..\src\simpleeventcontroller.cpp:933 IC: Set Max Grain Interval" 
Debug: "17:24:06 ..\..\src\simpleeventcontroller.cpp:933 IC: Set Max Grain Interval" 
Debug: "17:24:06 ..\..\src\simpleeventcontroller.cpp:933 IC: Set Max Grain Interval" 
Debug: "17:24:06 ..\..\src\simpleeventcontroller.cpp:933 IC: Set Max Grain Interval" 
Debug: "17:24:06 ..\..\src\simpleeventcontroller.cpp:933 IC: Set Max Grain Interval" 
Debug: "17:24:06 ..\..\src\simpleeventcontroller.cpp:933 IC: Set Max Grain Interval" 
Debug: "17:24:06 ..\..\src\simpleeventcontroller.cpp:933 IC: Set Max Grain Interval" 
Debug: "17:24:06 ..\..\src\simpleeventcontroller.cpp:933 IC: Set Max Grain Interval" 
Debug: "17:24:06 ..\..\src\simpleeventcontroller.cpp:933 IC: Set Max Grain Interval" 
Debug: "17:24:06 ..\..\src\simpleeventcontroller.cpp:933 IC: Set Max Grain Interval" 
Debug: "17:24:06 ..\..\src\simpleeventcontroller.cpp:933 IC: Set Max Grain Interval" 
Debug: "17:24:06 ..\..\src\simpleeventcontroller.cpp:933 IC: Set Max Grain Interval" 
Debug: "17:24:06 ..\..\src\simpleeventcontroller.cpp:933 IC: Set Max Grain Interval" 
Debug: "17:24:06 ..\..\src\simpleeventcontroller.cpp:933 IC: Set Max Grain Interval" 
Debug: "17:24:06 ..\..\src\simpleeventcontroller.cpp:933 IC: Set Max Grain Interval" 
Debug: "17:24:06 ..\..\src\simpleeventcontroller.cpp:933 IC: Set Max Grain Interval" 
Debug: "17:24:06 ..\..\src\simpleeventcontroller.cpp:933 IC: Set Max Grain Interval" 
Debug: "17:24:06 ..\..\src\simpleeventcontroller.cpp:933 IC: Set Max Grain Interval" 
Debug: "17:24:06 ..\..\src\simpleeventcontroller.cpp:933 IC: Set Max Grain Interval" 
Debug: "17:24:06 ..\..\src\simpleeventcontroller.cpp:933 IC: Set Max Grain Interval" 
Debug: "17:24:06 ..\..\src\simpleeventcontroller.cpp:933 IC: Set Max Grain Interval" 
Debug: "17:24:06 ..\..\src\simpleeventcontroller.cpp:933 IC: Set Max Grain Interval" 
Debug: "17:24:06 ..\..\src\simpleeventcontroller.cpp:933 IC: Set Max Grain Interval" 
Debug: "17:24:06 ..\..\src\simpleeventcontroller.cpp:933 IC: Set Max Grain Interval" 
Debug: "17:24:06 ..\..\src\simpleeventcontroller.cpp:933 IC: Set Max Grain Interval" 
Debug: "17:24:06 ..\..\src\simpleeventcontroller.cpp:933 IC: Set Max Grain Interval" 
Debug: "17:24:06 ..\..\src\simpleeventcontroller.cpp:933 IC: Set Max Grain Interval" 
Debug: "17:24:06 ..\..\src\simpleeventcontroller.cpp:933 IC: Set Max Grain Interval" 
Debug: "17:24:06 ..\..\src\simpleeventcontroller.cpp:933 IC: Set Max Grain Interval" 
Debug: "17:24:06 ..\..\src\simpleeventcontroller.cpp:933 IC: Set Max Grain Interval" 
Debug: "17:24:06 ..\..\src\simpleeventcontroller.cpp:933 IC: Set Max Grain Interval" 
Debug: "17:24:06 ..\..\src\simpleeventcontroller.cpp:933 IC: Set Max Grain Interval" 
Debug: "17:24:06 ..\..\src\simpleeventcontroller.cpp:933 IC: Set Max Grain Interval" 
Debug: "17:24:06 ..\..\src\simpleeventcontroller.cpp:933 IC: Set Max Grain Interval" 
Debug: "17:24:06 ..\..\src\simpleeventcontroller.cpp:933 IC: Set Max Grain Interval" 
Debug: "17:24:06 ..\..\src\simpleeventcontroller.cpp:933 IC: Set Max Grain Interval" 
Debug: "17:24:06 ..\..\src\simpleeventcontroller.cpp:933 IC: Set Max Grain Interval" 
Debug: "17:24:06 ..\..\src\simpleeventcontroller.cpp:933 IC: Set Max Grain Interval" 
Debug: "17:24:06 ..\..\src\simpleeventcontroller.cpp:933 IC: Set Max Grain Interval" 
Debug: "17:24:06 ..\..\src\simpleeventcontroller.cpp:933 IC: Set Max Grain Interval" 
Debug: "17:24:06 ..\..\src\simpleeventcontroller.cpp:933 IC: Set Max Grain Interval" 
Debug: "17:24:06 ..\..\src\simpleeventcontroller.cpp:933 IC: Set Max Grain Interval" 
Debug: "17:24:06 ..\..\src\simpleeventcontroller.cpp:933 IC: Set Max Grain Interval" 
Debug: "17:24:06 ..\..\src\simpleeventcontroller.cpp:933 IC: Set Max Grain Interval" 
Debug: "17:24:06 ..\..\src\simpleeventcontroller.cpp:933 IC: Set Max Grain Interval" 
Debug: "17:24:06 ..\..\src\simpleeventcontroller.cpp:933 IC: Set Max Grain Interval" 
Debug: "17:24:06 ..\..\src\simpleeventcontroller.cpp:933 IC: Set Max Grain Interval" 
Debug: "17:24:06 ..\..\src\simpleeventcontroller.cpp:933 IC: Set Max Grain Interval" 
Debug: "17:24:06 ..\..\src\simpleeventcontroller.cpp:933 IC: Set Max Grain Interval" 
Debug: "17:24:06 ..\..\src\simpleeventcontroller.cpp:933 IC: Set Max Grain Interval" 
Debug: "17:24:06 ..\..\src\simpleeventcontroller.cpp:933 IC: Set Max Grain Interval" 
Debug: "17:24:06 ..\..\src\simpleeventcontroller.cpp:933 IC: Set Max Grain Interval" 
Debug: "17:24:06 ..\..\src\simpleeventcontroller.cpp:933 IC: Set Max Grain Interval" 
Debug: 
Building project 'CNBoomBox'...
Debug: Building project D:\FMOD SoundSystem\FMOD Designer\CNBoomBox\CNBoomBox.fev...
Debug: Unique sound defs 2/3
Debug: Retrieving sound file info...
Debug: Retrieving reverb info...
Debug: FEV file written ok
Debug: Unique Envelope Points: 0 of 0
Debug: Unique Strings: 115 characters of 115
Debug: Caching sound file details for ''...
Debug: C:\Users\letsb\Downloads\Gareth Coker - The Road.mp3
Debug: C:\Users\letsb\Downloads\Valve - Gravity Perforation Detail.mp3
Debug: C:\Users\letsb\Downloads\morch kovalski - Triage at Dawn.mp3
Debug: Building 'CNBoomBox_bank.fsb'
Debug: Encoded C:\Users\letsb\Downloads\Valve - Gravity Perforation Detail.mp3
Debug: Encoded C:\Users\letsb\Downloads\Gareth Coker - The Road.mp3
Debug: Encoded C:\Users\letsb\Downloads\morch kovalski - Triage at Dawn.mp3
Debug: Writing FSB...
Debug: Finished building FSB
Debug: 
Debug: 
Summary of build:
SUCCESS: D:/FMOD SoundSystem/FMOD Designer/CNBoomBox/CNBoomBox.fev
SUCCESS: CNBoomBox_bank.fsb
Debug: 
Building project 'CNBoomBox'...
Debug: Building project D:\FMOD SoundSystem\FMOD Designer\CNBoomBox\CNBoomBox.fev...
Debug: Unique sound defs 2/3
Debug: Retrieving sound file info...
Debug: Retrieving reverb info...
Debug: FEV file written ok
Debug: Unique Envelope Points: 0 of 0
Debug: Unique Strings: 115 characters of 115
Debug: Caching sound file details for ''...
Debug: C:\Users\letsb\Downloads\Gareth Coker - The Road.mp3
Debug: C:\Users\letsb\Downloads\Valve - Gravity Perforation Detail.mp3
Debug: C:\Users\letsb\Downloads\morch kovalski - Triage at Dawn.mp3
Debug: Building 'CNBoomBox_bank.fsb'
Debug: Encoded C:\Users\letsb\Downloads\Gareth Coker - The Road.mp3
Debug: Encoded C:\Users\letsb\Downloads\Valve - Gravity Perforation Detail.mp3
Debug: Encoded C:\Users\letsb\Downloads\morch kovalski - Triage at Dawn.mp3
Debug: Writing FSB...
Debug: Finished building FSB
Debug: 
Debug: 
Summary of build:
SUCCESS: D:/FMOD SoundSystem/FMOD Designer/CNBoomBox/CNBoomBox.fev
SUCCESS: CNBoomBox_bank.fsb
Debug: "17:31:34 ..\..\src\simpleeventcontroller.cpp:606 HV: Set Playback Mode" 
Debug: "17:31:35 ..\..\src\simpleeventcontroller.cpp:606 HV: Set Playback Mode" 
Debug: "17:31:37 ..\..\src\simpleeventcontroller.cpp:606 HV: Set Playback Mode" 
Debug: "17:31:38 ..\..\src\simpleeventcontroller.cpp:606 HV: Set Playback Mode" 
Debug: "17:31:39 ..\..\src\simpleeventcontroller.cpp:606 HV: Set Playback Mode" 
Debug: "17:31:41 ..\..\src\simpleeventcontroller.cpp:606 HV: Set Playback Mode" 
Debug: 
Building project 'CNBoomBox'...
Debug: Building project D:\FMOD SoundSystem\FMOD Designer\CNBoomBox\CNBoomBox.fev...
Debug: Unique sound defs 2/3
Debug: Retrieving sound file info...
Debug: Retrieving reverb info...
Debug: FEV file written ok
Debug: Unique Envelope Points: 0 of 0
Debug: Unique Strings: 115 characters of 115
Debug: Caching sound file details for ''...
Debug: C:\Users\letsb\Downloads\Gareth Coker - The Road.mp3
Debug: C:\Users\letsb\Downloads\Valve - Gravity Perforation Detail.mp3
Debug: C:\Users\letsb\Downloads\morch kovalski - Triage at Dawn.mp3
Debug: Building 'CNBoomBox_bank.fsb'
Debug: Encoded C:\Users\letsb\Downloads\Gareth Coker - The Road.mp3
Debug: Encoded C:\Users\letsb\Downloads\morch kovalski - Triage at Dawn.mp3
Debug: Error processing C:\Users\letsb\Downloads\Valve - Gravity Perforation Detail.mp3:
Debug:     The build process was cancelled during compilation by the user.
Debug: Error : Failed to build wave bank 'D:\FMOD SoundSystem\FMOD Designer\CNBoomBox\CNBoomBox_bank.fsb'. Build cancelled.
Debug: 
The following errors and warnings were detected:
Error processing C:\Users\letsb\Downloads\Valve - Gravity Perforation Detail.mp3:
    The build process was cancelled during compilation by the user.
Error : Failed to build wave bank 'D:\FMOD SoundSystem\FMOD Designer\CNBoomBox\CNBoomBox_bank.fsb'. Build cancelled.
Debug: 
Summary of build:
SUCCESS: D:/FMOD SoundSystem/FMOD Designer/CNBoomBox/CNBoomBox.fev
FAIL   : D:/FMOD SoundSystem/FMOD Designer/CNBoomBox/CNBoomBox_bank.fsb
Debug: 
Building project 'CNBoomBox'...
Debug: Building project D:\FMOD SoundSystem\FMOD Designer\CNBoomBox\CNBoomBox.fev...
Debug: Unique sound defs 2/3
Debug: Retrieving sound file info...
Debug: Retrieving reverb info...
Debug: FEV file written ok
Debug: Unique Envelope Points: 0 of 0
Debug: Unique Strings: 115 characters of 115
Debug: Caching sound file details for ''...
Debug: C:\Users\letsb\Downloads\Gareth Coker - The Road.mp3
Debug: C:\Users\letsb\Downloads\Valve - Gravity Perforation Detail.mp3
Debug: C:\Users\letsb\Downloads\morch kovalski - Triage at Dawn.mp3
Debug: Building 'CNBoomBox_bank.fsb'
Debug: Encoded C:\Users\letsb\Downloads\Gareth Coker - The Road.mp3
Debug: Encoded C:\Users\letsb\Downloads\morch kovalski - Triage at Dawn.mp3
Debug: Encoded C:\Users\letsb\Downloads\Valve - Gravity Perforation Detail.mp3
Debug: Writing FSB...
Debug: Finished building FSB
Debug: 
Debug: 
Summary of build:
SUCCESS: D:/FMOD SoundSystem/FMOD Designer/CNBoomBox/CNBoomBox.fev
SUCCESS: CNBoomBox_bank.fsb
